#
# A fatal error has been detected by the Java Runtime Environment:
#
#  EXCEPTION_ACCESS_VIOLATION (0xc0000005) at pc=0x000000006de26f78, pid=15024, tid=0x0000000000004a40
#
# JRE version: Java(TM) SE Runtime Environment (8.0_144-b01) (build 1.8.0_144-b01)
# Java VM: Java HotSpot(TM) 64-Bit Server VM (25.144-b01 mixed mode windows-amd64 compressed oops)
# Problematic frame:
# V  [jvm.dll+0xf6f78]
#
# Failed to write core dump. Minidumps are not enabled by default on client versions of Windows
#
# If you would like to submit a bug report, please visit:
#   http://bugreport.java.com/bugreport/crash.jsp
#

---------------  T H R E A D  ---------------

Current thread (0x000000001c507800):  VMThread [stack: 0x000000001d5a0000,0x000000001d6a0000] [id=19008]

siginfo: ExceptionCode=0xc0000005, reading address 0x000000002654c788

Registers:
RAX=0x00000000001fffe0, RBX=0x000000000000ffff, RCX=0x0000000026348b58, RDX=0x000000002634c798
RSP=0x000000001d69f0c0, RBP=0x000000001d69f1f0, RSI=0x000000000000ffff, RDI=0x0000000026348b58
R8 =0x000000001c464d20, R9 =0x0000000000000003, R10=0x0000000000000003, R11=0x0000000026349a29
R12=0x000000001d69f280, R13=0x000000001d69f270, R14=0x0000000000000000, R15=0x0000000000000000
RIP=0x000000006de26f78, EFLAGS=0x0000000000010202

Top of Stack: (sp=0x000000001d69f0c0)
0x000000001d69f0c0:   00000000000000b7 000000001d69f1f0
0x000000001d69f0d0:   00000000000000b7 0000000002f60cc0
0x000000001d69f0e0:   0000000000000000 000000006df04740
0x000000001d69f0f0:   00000000000000b7 00000000000000b7
0x000000001d69f100:   000000002037bb40 000000002037f0b8
0x000000001d69f110:   0000000000000000 00000000203770d0
0x000000001d69f120:   0000000003f3a458 0000000003f3a23a
0x000000001d69f130:   0000936067610510 0000000003f3a110
0x000000001d69f140:   00000000033863e0 000000002037bb40
0x000000001d69f150:   0000000000000000 000000006ddc110b
0x000000001d69f160:   0000000003f3a2a0 0000000000000000
0x000000001d69f170:   0000000000000000 0000000003f3a2a0
0x000000001d69f180:   0000000000028310 000000006ddc148a
0x000000001d69f190:   00000000033863e0 000000002037f0b8
0x000000001d69f1a0:   000000002037bb40 000000006ddcee8e
0x000000001d69f1b0:   0000936067610500 00000007c036c060 

Instructions: (pc=0x000000006de26f78)
0x000000006de26f58:   00 ba d9 01 00 00 e8 1d ea 17 00 e8 98 f5 19 00
0x000000006de26f68:   48 8b 57 10 48 85 d2 74 0f 48 8b c3 48 c1 e0 05
0x000000006de26f78:   48 8b 44 10 10 0f b7 d8 48 63 c3 0f b7 44 c7 50
0x000000006de26f88:   48 8b 44 c7 50 48 89 44 24 30 f6 d0 48 8b 4c 24 


Register to memory mapping:

RAX=0x00000000001fffe0 is an unknown value
RBX=0x000000000000ffff is an unknown value
RCX=0x0000000026348b58 is pointing into metadata
RDX=0x000000002634c798 is pointing into metadata
RSP=0x000000001d69f0c0 is an unknown value
RBP=0x000000001d69f1f0 is an unknown value
RSI=0x000000000000ffff is an unknown value
RDI=0x0000000026348b58 is pointing into metadata
R8 =0x000000001c464d20 is an unknown value
R9 =0x0000000000000003 is an unknown value
R10=0x0000000000000003 is an unknown value
R11=0x0000000026349a29 is pointing into metadata
R12=0x000000001d69f280 is an unknown value
R13=0x000000001d69f270 is an unknown value
R14=0x0000000000000000 is an unknown value
R15=0x0000000000000000 is an unknown value


Stack: [0x000000001d5a0000,0x000000001d6a0000],  sp=0x000000001d69f0c0,  free space=1020k
Native frames: (J=compiled Java code, j=interpreted, Vv=VM code, C=native code)
V  [jvm.dll+0xf6f78]
V  [jvm.dll+0x1d4740]
V  [jvm.dll+0x1d5692]
V  [jvm.dll+0x1c2f66]
V  [jvm.dll+0x1c8279]
V  [jvm.dll+0x1c877b]
V  [jvm.dll+0x24c127]
V  [jvm.dll+0x24b3c6]
V  [jvm.dll+0x24b861]
V  [jvm.dll+0x24ba7e]
V  [jvm.dll+0x29ca6a]
C  [msvcr100.dll+0x21d9f]
C  [msvcr100.dll+0x21e3b]
C  [KERNEL32.DLL+0x17c24]
C  [ntdll.dll+0x6d721]

VM_Operation (0x000000001dfff490): RedefineClasses, mode: safepoint, requested by thread 0x000000001c552000


---------------  P R O C E S S  ---------------

Java Threads: ( => current thread )
  0x000000002359a000 JavaThread "RMI TCP Connection(idle)" daemon [_thread_blocked, id=10612, stack(0x0000000026910000,0x0000000026a10000)]
  0x000000002314d000 JavaThread "DestroyJavaVM" [_thread_blocked, id=24012, stack(0x0000000003040000,0x0000000003140000)]
  0x0000000023150000 JavaThread "InterruptTimer" daemon [_thread_blocked, id=17092, stack(0x0000000025810000,0x0000000025910000)]
  0x0000000023151800 JavaThread "oracle.jdbc.driver.BlockSource.ThreadedCachingBlockSource.BlockReleaser" daemon [_thread_blocked, id=23504, stack(0x0000000025710000,0x0000000025810000)]
  0x0000000023153800 JavaThread "Timer-0" daemon [_thread_blocked, id=22740, stack(0x0000000025610000,0x0000000025710000)]
  0x0000000023152000 JavaThread "http-nio-8080-Acceptor" daemon [_thread_in_native, id=18984, stack(0x0000000025310000,0x0000000025410000)]
  0x0000000023153000 JavaThread "http-nio-8080-ClientPoller" daemon [_thread_in_native, id=8768, stack(0x0000000025210000,0x0000000025310000)]
  0x0000000023145000 JavaThread "http-nio-8080-exec-10" daemon [_thread_blocked, id=9368, stack(0x0000000025110000,0x0000000025210000)]
  0x0000000023146000 JavaThread "http-nio-8080-exec-9" daemon [_thread_blocked, id=16628, stack(0x0000000025010000,0x0000000025110000)]
  0x000000002314c000 JavaThread "http-nio-8080-exec-8" daemon [_thread_blocked, id=10748, stack(0x0000000024f10000,0x0000000025010000)]
  0x000000002314a800 JavaThread "http-nio-8080-exec-7" daemon [_thread_blocked, id=19196, stack(0x0000000024e10000,0x0000000024f10000)]
  0x000000002314b800 JavaThread "http-nio-8080-exec-6" daemon [_thread_blocked, id=13532, stack(0x0000000024d10000,0x0000000024e10000)]
  0x0000000023146800 JavaThread "http-nio-8080-exec-5" daemon [_thread_blocked, id=2524, stack(0x0000000024c10000,0x0000000024d10000)]
  0x0000000023149000 JavaThread "http-nio-8080-exec-4" daemon [_thread_blocked, id=10568, stack(0x0000000024b10000,0x0000000024c10000)]
  0x000000002314a000 JavaThread "http-nio-8080-exec-3" daemon [_thread_blocked, id=12476, stack(0x0000000024a10000,0x0000000024b10000)]
  0x0000000023148000 JavaThread "http-nio-8080-exec-2" daemon [_thread_blocked, id=17164, stack(0x0000000024910000,0x0000000024a10000)]
  0x0000000023147800 JavaThread "http-nio-8080-exec-1" daemon [_thread_blocked, id=15136, stack(0x0000000024810000,0x0000000024910000)]
  0x000000001ea92800 JavaThread "http-nio-8080-BlockPoller" daemon [_thread_in_native, id=22976, stack(0x0000000024710000,0x0000000024810000)]
  0x000000001ea99000 JavaThread "File Watcher" daemon [_thread_blocked, id=2316, stack(0x0000000024310000,0x0000000024410000)]
  0x000000001ea97000 JavaThread "Live Reload Server" daemon [_thread_in_native, id=13612, stack(0x0000000024410000,0x0000000024510000)]
  0x000000001ea95800 JavaThread "container-0" [_thread_blocked, id=7320, stack(0x0000000023c10000,0x0000000023d10000)]
  0x000000001ea96000 JavaThread "Catalina-utility-2" [_thread_blocked, id=21792, stack(0x0000000023b10000,0x0000000023c10000)]
  0x000000001ea94800 JavaThread "Catalina-utility-1" [_thread_blocked, id=4292, stack(0x0000000023a10000,0x0000000023b10000)]
  0x000000001ea97800 JavaThread "Log4j2-TF-5-Scheduled-2" daemon [_thread_blocked, id=13236, stack(0x0000000021540000,0x0000000021640000)]
  0x0000000020081000 JavaThread "JMX server connection timeout 21" daemon [_thread_blocked, id=16936, stack(0x0000000021140000,0x0000000021240000)]
  0x000000001ebde000 JavaThread "RMI Scheduler(0)" daemon [_thread_blocked, id=10280, stack(0x000000001fa70000,0x000000001fb70000)]
  0x000000001eb98800 JavaThread "RMI TCP Accept-0" daemon [_thread_in_native, id=24540, stack(0x000000001f600000,0x000000001f700000)]
  0x000000001eb36800 JavaThread "RMI TCP Accept-59684" daemon [_thread_in_native, id=22764, stack(0x000000001f300000,0x000000001f400000)]
  0x000000001eb33000 JavaThread "RMI TCP Accept-0" daemon [_thread_in_native, id=22320, stack(0x000000001f200000,0x000000001f300000)]
  0x000000001e82d000 JavaThread "Service Thread" daemon [_thread_blocked, id=4432, stack(0x000000001f100000,0x000000001f200000)]
  0x000000001e822800 JavaThread "C1 CompilerThread2" daemon [_thread_blocked, id=18872, stack(0x000000001f000000,0x000000001f100000)]
  0x000000001e81d800 JavaThread "C2 CompilerThread1" daemon [_thread_blocked, id=19624, stack(0x000000001ef00000,0x000000001f000000)]
  0x000000001e81d000 JavaThread "C2 CompilerThread0" daemon [_thread_blocked, id=11200, stack(0x000000001ee00000,0x000000001ef00000)]
  0x000000001c565000 JavaThread "JDWP Command Reader" daemon [_thread_in_native, id=11476, stack(0x000000001e100000,0x000000001e200000)]
  0x000000001c55f800 JavaThread "JDWP Event Helper Thread" daemon [_thread_blocked, id=17084, stack(0x000000001e000000,0x000000001e100000)]
  0x000000001c552000 JavaThread "JDWP Transport Listener: dt_socket" daemon [_thread_blocked, id=16352, stack(0x000000001df00000,0x000000001e000000)]
  0x000000001c546000 JavaThread "Attach Listener" daemon [_thread_blocked, id=8404, stack(0x000000001dac0000,0x000000001dbc0000)]
  0x000000001c544800 JavaThread "Signal Dispatcher" daemon [_thread_blocked, id=20152, stack(0x000000001d9c0000,0x000000001dac0000)]
  0x000000001c530000 JavaThread "Finalizer" daemon [_thread_blocked, id=23436, stack(0x000000001d7a0000,0x000000001d8a0000)]
  0x0000000003237000 JavaThread "Reference Handler" daemon [_thread_blocked, id=13016, stack(0x000000001d6a0000,0x000000001d7a0000)]

Other Threads:
=>0x000000001c507800 VMThread [stack: 0x000000001d5a0000,0x000000001d6a0000] [id=19008]
  0x000000001eb88000 WatcherThread [stack: 0x000000001f870000,0x000000001f970000] [id=18608]

VM state:at safepoint (normal execution)

VM Mutex/Monitor currently owned by a thread:  ([mutex/lock_event])
[0x00000000031489e0] Threads_lock - owner thread: 0x000000001c507800

Heap:
 PSYoungGen      total 444416K, used 262119K [0x000000076d600000, 0x000000078a780000, 0x00000007c0000000)
  eden space 425984K, 61% used [0x000000076d600000,0x000000077d5f9ec0,0x0000000787600000)
  from space 18432K, 0% used [0x0000000788780000,0x0000000788780000,0x0000000789980000)
  to   space 17920K, 0% used [0x0000000787600000,0x0000000787600000,0x0000000788780000)
 ParOldGen       total 146944K, used 28711K [0x00000006c8200000, 0x00000006d1180000, 0x000000076d600000)
  object space 146944K, 19% used [0x00000006c8200000,0x00000006c9e09c08,0x00000006d1180000)
 Metaspace       used 62253K, capacity 66200K, committed 66432K, reserved 1105920K
  class space    used 8691K, capacity 9325K, committed 9344K, reserved 1048576K

Card table byte_map: [0x0000000012700000,0x0000000012ec0000] byte_map_base: 0x000000000f0bf000

Marking Bits: (ParMarkBitMap*) 0x000000006e54d850
 Begin Bits: [0x00000000137f0000, 0x00000000175e8000)
 End Bits:   [0x00000000175e8000, 0x000000001b3e0000)

Polling page: 0x00000000011a0000

CodeCache: size=245760Kb used=12256Kb max_used=12256Kb free=233503Kb
 bounds [0x0000000003340000, 0x0000000003f40000, 0x0000000012340000]
 total_blobs=6850 nmethods=6259 adapters=510
 compilation: enabled

Compilation events (10 events):
Event: 322.869 Thread 0x000000001e822800 6360       1       org.apache.tomcat.util.net.NioEndpoint::access$200 (5 bytes)
Event: 322.870 Thread 0x000000001e822800 nmethod 6360 0x0000000003f39110 code [0x0000000003f39260, 0x0000000003f39350]
Event: 329.145 Thread 0x000000001e822800 6361   !   1       java.net.AbstractPlainSocketImpl::isConnectionReset (31 bytes)
Event: 329.145 Thread 0x000000001e822800 nmethod 6361 0x0000000003f393d0 code [0x0000000003f39540, 0x0000000003f39810]
Event: 338.210 Thread 0x000000001e822800 6362       1       org.apache.catalina.webresources.Cache$EvictionOrder::compare (13 bytes)
Event: 338.211 Thread 0x000000001e822800 nmethod 6362 0x0000000003f398d0 code [0x0000000003f39a40, 0x0000000003f39c30]
Event: 338.211 Thread 0x000000001e822800 6363       1       org.apache.catalina.webresources.Cache$EvictionOrder::compare (31 bytes)
Event: 338.211 Thread 0x000000001e822800 nmethod 6363 0x0000000003f39d90 code [0x0000000003f39ee0, 0x0000000003f3a050]
Event: 388.213 Thread 0x000000001e822800 6364   !   1       org.apache.catalina.core.ContainerBase::findChildren (42 bytes)
Event: 388.214 Thread 0x000000001e822800 nmethod 6364 0x0000000003f3a110 code [0x0000000003f3a2a0, 0x0000000003f3a6d8]

GC Heap History (10 events):
Event: 17.417 GC heap before
{Heap before GC invocations=11 (full 2):
 PSYoungGen      total 206848K, used 6301K [0x000000076d600000, 0x0000000781800000, 0x00000007c0000000)
  eden space 195072K, 0% used [0x000000076d600000,0x000000076d600000,0x0000000779480000)
  from space 11776K, 53% used [0x0000000779480000,0x0000000779aa7400,0x000000077a000000)
  to   space 11264K, 0% used [0x0000000780d00000,0x0000000780d00000,0x0000000781800000)
 ParOldGen       total 89600K, used 13042K [0x00000006c8200000, 0x00000006cd980000, 0x000000076d600000)
  object space 89600K, 14% used [0x00000006c8200000,0x00000006c8ebcb60,0x00000006cd980000)
 Metaspace       used 33484K, capacity 35328K, committed 35416K, reserved 1079296K
  class space    used 4482K, capacity 4842K, committed 4864K, reserved 1048576K
Event: 17.473 GC heap after
Heap after GC invocations=11 (full 2):
 PSYoungGen      total 206848K, used 0K [0x000000076d600000, 0x0000000781800000, 0x00000007c0000000)
  eden space 195072K, 0% used [0x000000076d600000,0x000000076d600000,0x0000000779480000)
  from space 11776K, 0% used [0x0000000779480000,0x0000000779480000,0x000000077a000000)
  to   space 11264K, 0% used [0x0000000780d00000,0x0000000780d00000,0x0000000781800000)
 ParOldGen       total 111616K, used 13720K [0x00000006c8200000, 0x00000006cef00000, 0x000000076d600000)
  object space 111616K, 12% used [0x00000006c8200000,0x00000006c8f661f0,0x00000006cef00000)
 Metaspace       used 33484K, capacity 35328K, committed 35416K, reserved 1079296K
  class space    used 4482K, capacity 4842K, committed 4864K, reserved 1048576K
}
Event: 18.262 GC heap before
{Heap before GC invocations=12 (full 2):
 PSYoungGen      total 206848K, used 195072K [0x000000076d600000, 0x0000000781800000, 0x00000007c0000000)
  eden space 195072K, 100% used [0x000000076d600000,0x0000000779480000,0x0000000779480000)
  from space 11776K, 0% used [0x0000000779480000,0x0000000779480000,0x000000077a000000)
  to   space 11264K, 0% used [0x0000000780d00000,0x0000000780d00000,0x0000000781800000)
 ParOldGen       total 111616K, used 13720K [0x00000006c8200000, 0x00000006cef00000, 0x000000076d600000)
  object space 111616K, 12% used [0x00000006c8200000,0x00000006c8f661f0,0x00000006cef00000)
 Metaspace       used 38494K, capacity 40540K, committed 40704K, reserved 1085440K
  class space    used 5144K, capacity 5560K, committed 5632K, reserved 1048576K
Event: 18.271 GC heap after
Heap after GC invocations=12 (full 2):
 PSYoungGen      total 298496K, used 7311K [0x000000076d600000, 0x0000000781480000, 0x00000007c0000000)
  eden space 290816K, 0% used [0x000000076d600000,0x000000076d600000,0x000000077f200000)
  from space 7680K, 95% used [0x0000000780d00000,0x0000000781423e28,0x0000000781480000)
  to   space 10752K, 0% used [0x000000077ff80000,0x000000077ff80000,0x0000000780a00000)
 ParOldGen       total 111616K, used 13728K [0x00000006c8200000, 0x00000006cef00000, 0x000000076d600000)
  object space 111616K, 12% used [0x00000006c8200000,0x00000006c8f681f0,0x00000006cef00000)
 Metaspace       used 38494K, capacity 40540K, committed 40704K, reserved 1085440K
  class space    used 5144K, capacity 5560K, committed 5632K, reserved 1048576K
}
Event: 43.012 GC heap before
{Heap before GC invocations=13 (full 2):
 PSYoungGen      total 298496K, used 298127K [0x000000076d600000, 0x0000000781480000, 0x00000007c0000000)
  eden space 290816K, 100% used [0x000000076d600000,0x000000077f200000,0x000000077f200000)
  from space 7680K, 95% used [0x0000000780d00000,0x0000000781423e28,0x0000000781480000)
  to   space 10752K, 0% used [0x000000077ff80000,0x000000077ff80000,0x0000000780a00000)
 ParOldGen       total 111616K, used 13728K [0x00000006c8200000, 0x00000006cef00000, 0x000000076d600000)
  object space 111616K, 12% used [0x00000006c8200000,0x00000006c8f681f0,0x00000006cef00000)
 Metaspace       used 48742K, capacity 51504K, committed 51840K, reserved 1093632K
  class space    used 6716K, capacity 7205K, committed 7296K, reserved 1048576K
Event: 43.046 GC heap after
Heap after GC invocations=13 (full 2):
 PSYoungGen      total 315392K, used 10742K [0x000000076d600000, 0x0000000789980000, 0x00000007c0000000)
  eden space 304640K, 0% used [0x000000076d600000,0x000000076d600000,0x000000077ff80000)
  from space 10752K, 99% used [0x000000077ff80000,0x00000007809fd938,0x0000000780a00000)
  to   space 18432K, 0% used [0x0000000788780000,0x0000000788780000,0x0000000789980000)
 ParOldGen       total 111616K, used 30890K [0x00000006c8200000, 0x00000006cef00000, 0x000000076d600000)
  object space 111616K, 27% used [0x00000006c8200000,0x00000006ca02ab50,0x00000006cef00000)
 Metaspace       used 48742K, capacity 51504K, committed 51840K, reserved 1093632K
  class space    used 6716K, capacity 7205K, committed 7296K, reserved 1048576K
}
Event: 43.964 GC heap before
{Heap before GC invocations=14 (full 2):
 PSYoungGen      total 315392K, used 126976K [0x000000076d600000, 0x0000000789980000, 0x00000007c0000000)
  eden space 304640K, 38% used [0x000000076d600000,0x0000000774782918,0x000000077ff80000)
  from space 10752K, 99% used [0x000000077ff80000,0x00000007809fd938,0x0000000780a00000)
  to   space 18432K, 0% used [0x0000000788780000,0x0000000788780000,0x0000000789980000)
 ParOldGen       total 111616K, used 30890K [0x00000006c8200000, 0x00000006cef00000, 0x000000076d600000)
  object space 111616K, 27% used [0x00000006c8200000,0x00000006ca02ab50,0x00000006cef00000)
 Metaspace       used 56062K, capacity 58816K, committed 59008K, reserved 1099776K
  class space    used 7792K, capacity 8259K, committed 8320K, reserved 1048576K
Event: 43.983 GC heap after
Heap after GC invocations=14 (full 2):
 PSYoungGen      total 444416K, used 7464K [0x000000076d600000, 0x000000078a780000, 0x00000007c0000000)
  eden space 425984K, 0% used [0x000000076d600000,0x000000076d600000,0x0000000787600000)
  from space 18432K, 40% used [0x0000000788780000,0x0000000788eca0b0,0x0000000789980000)
  to   space 17920K, 0% used [0x0000000787600000,0x0000000787600000,0x0000000788780000)
 ParOldGen       total 111616K, used 37727K [0x00000006c8200000, 0x00000006cef00000, 0x000000076d600000)
  object space 111616K, 33% used [0x00000006c8200000,0x00000006ca6d7ca8,0x00000006cef00000)
 Metaspace       used 56062K, capacity 58816K, committed 59008K, reserved 1099776K
  class space    used 7792K, capacity 8259K, committed 8320K, reserved 1048576K
}
Event: 43.983 GC heap before
{Heap before GC invocations=15 (full 3):
 PSYoungGen      total 444416K, used 7464K [0x000000076d600000, 0x000000078a780000, 0x00000007c0000000)
  eden space 425984K, 0% used [0x000000076d600000,0x000000076d600000,0x0000000787600000)
  from space 18432K, 40% used [0x0000000788780000,0x0000000788eca0b0,0x0000000789980000)
  to   space 17920K, 0% used [0x0000000787600000,0x0000000787600000,0x0000000788780000)
 ParOldGen       total 111616K, used 37727K [0x00000006c8200000, 0x00000006cef00000, 0x000000076d600000)
  object space 111616K, 33% used [0x00000006c8200000,0x00000006ca6d7ca8,0x00000006cef00000)
 Metaspace       used 56062K, capacity 58816K, committed 59008K, reserved 1099776K
  class space    used 7792K, capacity 8259K, committed 8320K, reserved 1048576K
Event: 44.193 GC heap after
Heap after GC invocations=15 (full 3):
 PSYoungGen      total 444416K, used 0K [0x000000076d600000, 0x000000078a780000, 0x00000007c0000000)
  eden space 425984K, 0% used [0x000000076d600000,0x000000076d600000,0x0000000787600000)
  from space 18432K, 0% used [0x0000000788780000,0x0000000788780000,0x0000000789980000)
  to   space 17920K, 0% used [0x0000000787600000,0x0000000787600000,0x0000000788780000)
 ParOldGen       total 146944K, used 28711K [0x00000006c8200000, 0x00000006d1180000, 0x000000076d600000)
  object space 146944K, 19% used [0x00000006c8200000,0x00000006c9e09c08,0x00000006d1180000)
 Metaspace       used 56062K, capacity 58816K, committed 59008K, reserved 1099776K
  class space    used 7792K, capacity 8259K, committed 8320K, reserved 1048576K
}

Deoptimization events (0 events):
No events

Internal exceptions (10 events):
Event: 82.243 Thread 0x0000000023146800 Exception <a 'java/lang/ArrayIndexOutOfBoundsException'> (0x0000000777cda490) thrown at [C:\re\workspace\8-2-build-windows-amd64-cygwin\jdk8u144\9417\hotspot\src\share\vm\runtime\sharedRuntime.cpp, line 605]
Event: 82.244 Thread 0x0000000023146800 Exception <a 'java/lang/ArrayIndexOutOfBoundsException'> (0x0000000777ced300) thrown at [C:\re\workspace\8-2-build-windows-amd64-cygwin\jdk8u144\9417\hotspot\src\share\vm\runtime\sharedRuntime.cpp, line 605]
Event: 82.245 Thread 0x0000000023146800 Exception <a 'java/lang/ArrayIndexOutOfBoundsException'> (0x0000000777cf0a80) thrown at [C:\re\workspace\8-2-build-windows-amd64-cygwin\jdk8u144\9417\hotspot\src\share\vm\runtime\sharedRuntime.cpp, line 605]
Event: 82.247 Thread 0x0000000023146800 Exception <a 'java/lang/ArrayIndexOutOfBoundsException'> (0x0000000777d02288) thrown at [C:\re\workspace\8-2-build-windows-amd64-cygwin\jdk8u144\9417\hotspot\src\share\vm\runtime\sharedRuntime.cpp, line 605]
Event: 82.249 Thread 0x0000000023146800 Exception <a 'java/lang/ArrayIndexOutOfBoundsException'> (0x0000000777d13a08) thrown at [C:\re\workspace\8-2-build-windows-amd64-cygwin\jdk8u144\9417\hotspot\src\share\vm\runtime\sharedRuntime.cpp, line 605]
Event: 82.249 Thread 0x0000000023146800 Exception <a 'java/lang/ArrayIndexOutOfBoundsException'> (0x0000000777d17198) thrown at [C:\re\workspace\8-2-build-windows-amd64-cygwin\jdk8u144\9417\hotspot\src\share\vm\runtime\sharedRuntime.cpp, line 605]
Event: 82.250 Thread 0x0000000023146800 Exception <a 'java/lang/ArrayIndexOutOfBoundsException'> (0x0000000777d25338) thrown at [C:\re\workspace\8-2-build-windows-amd64-cygwin\jdk8u144\9417\hotspot\src\share\vm\runtime\sharedRuntime.cpp, line 605]
Event: 82.251 Thread 0x0000000023146800 Exception <a 'java/lang/ArrayIndexOutOfBoundsException'> (0x0000000777d28078) thrown at [C:\re\workspace\8-2-build-windows-amd64-cygwin\jdk8u144\9417\hotspot\src\share\vm\runtime\sharedRuntime.cpp, line 605]
Event: 82.255 Thread 0x0000000023146800 Exception <a 'java/lang/ArrayIndexOutOfBoundsException'> (0x0000000777d54230) thrown at [C:\re\workspace\8-2-build-windows-amd64-cygwin\jdk8u144\9417\hotspot\src\share\vm\runtime\sharedRuntime.cpp, line 605]
Event: 82.255 Thread 0x0000000023146800 Exception <a 'java/lang/ArrayIndexOutOfBoundsException'> (0x0000000777d56b70) thrown at [C:\re\workspace\8-2-build-windows-amd64-cygwin\jdk8u144\9417\hotspot\src\share\vm\runtime\sharedRuntime.cpp, line 605]

Events (10 events):
Event: 223.260 Executing VM operation: RevokeBias
Event: 223.260 Executing VM operation: RevokeBias done
Event: 227.677 Thread 0x000000001e822800 flushing nmethod 0x0000000003636a50
Event: 282.851 Executing VM operation: RevokeBias
Event: 282.851 Executing VM operation: RevokeBias done
Event: 320.896 Executing VM operation: RevokeBias
Event: 320.896 Executing VM operation: RevokeBias done
Event: 405.314 Executing VM operation: ChangeBreakpoints
Event: 405.319 Executing VM operation: ChangeBreakpoints done
Event: 415.417 Executing VM operation: RedefineClasses


Dynamic libraries:
0x00007ff6174c0000 - 0x00007ff6174f7000 	C:\Program Files\Java\jdk1.8.0_144\bin\javaw.exe
0x00007ff8cc100000 - 0x00007ff8cc2f0000 	C:\Windows\SYSTEM32\ntdll.dll
0x00007ff8cb760000 - 0x00007ff8cb812000 	C:\Windows\System32\KERNEL32.DLL
0x00007ff8c92c0000 - 0x00007ff8c9565000 	C:\Windows\System32\KERNELBASE.dll
0x00007ff8cb530000 - 0x00007ff8cb5d3000 	C:\Windows\System32\ADVAPI32.dll
0x00007ff8ca4f0000 - 0x00007ff8ca58e000 	C:\Windows\System32\msvcrt.dll
0x00007ff8cb6c0000 - 0x00007ff8cb757000 	C:\Windows\System32\sechost.dll
0x00007ff8cb410000 - 0x00007ff8cb52f000 	C:\Windows\System32\RPCRT4.dll
0x00007ff8cb200000 - 0x00007ff8cb394000 	C:\Windows\System32\USER32.dll
0x00007ff8c9060000 - 0x00007ff8c9081000 	C:\Windows\System32\win32u.dll
0x00007ff8cb830000 - 0x00007ff8cb856000 	C:\Windows\System32\GDI32.dll
0x00007ff8c9120000 - 0x00007ff8c92b8000 	C:\Windows\System32\gdi32full.dll
0x00007ff8c9df0000 - 0x00007ff8c9e8e000 	C:\Windows\System32\msvcp_win.dll
0x00007ff8c9cf0000 - 0x00007ff8c9dea000 	C:\Windows\System32\ucrtbase.dll
0x00007ff8b3aa0000 - 0x00007ff8b3d24000 	C:\Windows\WinSxS\amd64_microsoft.windows.common-controls_6595b64144ccf1df_6.0.18362.1556_none_9e7e372fe45e41d5\COMCTL32.dll
0x00007ff8ca1b0000 - 0x00007ff8ca4e6000 	C:\Windows\System32\combase.dll
0x00007ff8c9090000 - 0x00007ff8c9111000 	C:\Windows\System32\bcryptPrimitives.dll
0x00007ff8ca180000 - 0x00007ff8ca1ae000 	C:\Windows\System32\IMM32.DLL
0x000000006fc20000 - 0x000000006fcf2000 	C:\Program Files\Java\jdk1.8.0_144\jre\bin\msvcr100.dll
0x000000006dd30000 - 0x000000006e5cd000 	C:\Program Files\Java\jdk1.8.0_144\jre\bin\server\jvm.dll
0x00007ff8cb0e0000 - 0x00007ff8cb0e8000 	C:\Windows\System32\PSAPI.DLL
0x00007ff8c6460000 - 0x00007ff8c6484000 	C:\Windows\SYSTEM32\WINMM.dll
0x00007ff8b4080000 - 0x00007ff8b4089000 	C:\Windows\SYSTEM32\WSOCK32.dll
0x00007ff8bb710000 - 0x00007ff8bb71a000 	C:\Windows\SYSTEM32\VERSION.dll
0x00007ff8cb3a0000 - 0x00007ff8cb40f000 	C:\Windows\System32\WS2_32.dll
0x00007ff8c6430000 - 0x00007ff8c645d000 	C:\Windows\SYSTEM32\WINMMBASE.dll
0x00007ff8c9ff0000 - 0x00007ff8ca03a000 	C:\Windows\System32\cfgmgr32.dll
0x0000000070700000 - 0x000000007070f000 	C:\Program Files\Java\jdk1.8.0_144\jre\bin\verify.dll
0x0000000070610000 - 0x0000000070639000 	C:\Program Files\Java\jdk1.8.0_144\jre\bin\java.dll
0x000000006cbe0000 - 0x000000006cc15000 	C:\Program Files\Java\jdk1.8.0_144\jre\bin\jdwp.dll
0x0000000070720000 - 0x0000000070728000 	C:\Program Files\Java\jdk1.8.0_144\jre\bin\npt.dll
0x000000006f480000 - 0x000000006f4a3000 	C:\Program Files\Java\jdk1.8.0_144\jre\bin\instrument.dll
0x00000000706e0000 - 0x00000000706f6000 	C:\Program Files\Java\jdk1.8.0_144\jre\bin\zip.dll
0x00007ff8cb930000 - 0x00007ff8cc017000 	C:\Windows\System32\SHELL32.dll
0x00007ff8cb150000 - 0x00007ff8cb1f8000 	C:\Windows\System32\shcore.dll
0x00007ff8c9570000 - 0x00007ff8c9ceb000 	C:\Windows\System32\windows.storage.dll
0x00007ff8c9020000 - 0x00007ff8c903e000 	C:\Windows\System32\profapi.dll
0x00007ff8c8fb0000 - 0x00007ff8c8ffa000 	C:\Windows\System32\powrprof.dll
0x00007ff8c8f80000 - 0x00007ff8c8f90000 	C:\Windows\System32\UMPDC.dll
0x00007ff8ca980000 - 0x00007ff8ca9d2000 	C:\Windows\System32\shlwapi.dll
0x00007ff8c8f90000 - 0x00007ff8c8fa1000 	C:\Windows\System32\kernel.appcore.dll
0x00007ff8c9040000 - 0x00007ff8c9057000 	C:\Windows\System32\cryptsp.dll
0x0000000070710000 - 0x0000000070719000 	C:\Program Files\Java\jdk1.8.0_144\jre\bin\dt_socket.dll
0x00007ff8b37e0000 - 0x00007ff8b37f6000 	C:\Windows\system32\napinsp.dll
0x00007ff8b37c0000 - 0x00007ff8b37da000 	C:\Windows\system32\pnrpnsp.dll
0x00007ff8c87c0000 - 0x00007ff8c8827000 	C:\Windows\System32\mswsock.dll
0x00007ff8c8510000 - 0x00007ff8c85db000 	C:\Windows\SYSTEM32\DNSAPI.dll
0x00007ff8cb820000 - 0x00007ff8cb828000 	C:\Windows\System32\NSI.dll
0x00007ff8c84d0000 - 0x00007ff8c850a000 	C:\Windows\SYSTEM32\IPHLPAPI.DLL
0x00007ff8b36b0000 - 0x00007ff8b36be000 	C:\Windows\System32\winrnr.dll
0x00007ff8c4b20000 - 0x00007ff8c4b3c000 	C:\Windows\system32\NLAapi.dll
0x00007ff8c0e90000 - 0x00007ff8c0ea5000 	C:\Windows\system32\wshbth.dll
0x00007ff8c35d0000 - 0x00007ff8c3647000 	C:\Windows\System32\fwpuclnt.dll
0x00007ff8ca150000 - 0x00007ff8ca176000 	C:\Windows\System32\bcrypt.dll
0x00007ff8ba920000 - 0x00007ff8ba92a000 	C:\Windows\System32\rasadhlp.dll
0x000000006f950000 - 0x000000006f95d000 	C:\Program Files\Java\jdk1.8.0_144\jre\bin\management.dll
0x000000006fbc0000 - 0x000000006fbda000 	C:\Program Files\Java\jdk1.8.0_144\jre\bin\net.dll
0x000000006fba0000 - 0x000000006fbb1000 	C:\Program Files\Java\jdk1.8.0_144\jre\bin\nio.dll
0x00007ff8c8340000 - 0x00007ff8c8373000 	C:\Windows\system32\rsaenh.dll
0x00007ff8c8e70000 - 0x00007ff8c8e95000 	C:\Windows\SYSTEM32\USERENV.dll
0x00007ff8c8990000 - 0x00007ff8c899c000 	C:\Windows\SYSTEM32\CRYPTBASE.dll
0x00007ff8c0f70000 - 0x00007ff8c0f86000 	C:\Windows\SYSTEM32\dhcpcsvc6.DLL
0x00007ff8c0d30000 - 0x00007ff8c0d4c000 	C:\Windows\SYSTEM32\dhcpcsvc.DLL
0x00007ff8c4730000 - 0x00007ff8c4924000 	C:\Windows\SYSTEM32\dbghelp.dll

VM Arguments:
jvm_args: -agentlib:jdwp=transport=dt_socket,suspend=y,address=localhost:59685 -Dcom.sun.management.jmxremote -Dcom.sun.management.jmxremote.port=59684 -Dcom.sun.management.jmxremote.authenticate=false -Dcom.sun.management.jmxremote.ssl=false -Djava.rmi.server.hostname=localhost -Dspring.jmx.enabled=true -Dspring.application.admin.enabled=true -Xverify:none -XX:TieredStopAtLevel=1 -Dspring.boot.project.name=WSLigaCampeones -javaagent:C:\Carlos\instaladores\spring-tool-suite-4-4.7.2.RELEASE\sts-4.7.2.RELEASE\configuration\org.eclipse.osgi\265\0\.cp\lib\javaagent-shaded.jar -Dfile.encoding=UTF-8 
java_command: com.claro.WSLigaCampeones.WSLigaCampeonesApplication --spring.output.ansi.enabled=always
java_class_path (initial): C:\Carlos\PROYECTOS_GENERAL\LIGA_SECURITY\ligaCampeones-Servicios\WSLigaCampeones\target\classes;C:\Users\ecm6119j\.m2\repository\org\springframework\boot\spring-boot-starter\2.3.3.RELEASE\spring-boot-starter-2.3.3.RELEASE.jar;C:\Users\ecm6119j\.m2\repository\org\springframework\boot\spring-boot\2.3.3.RELEASE\spring-boot-2.3.3.RELEASE.jar;C:\Users\ecm6119j\.m2\repository\org\springframework\spring-context\5.2.8.RELEASE\spring-context-5.2.8.RELEASE.jar;C:\Users\ecm6119j\.m2\repository\org\springframework\boot\spring-boot-autoconfigure\2.3.3.RELEASE\spring-boot-autoconfigure-2.3.3.RELEASE.jar;C:\Users\ecm6119j\.m2\repository\jakarta\annotation\jakarta.annotation-api\1.3.5\jakarta.annotation-api-1.3.5.jar;C:\Users\ecm6119j\.m2\repository\org\springframework\spring-core\5.2.8.RELEASE\spring-core-5.2.8.RELEASE.jar;C:\Users\ecm6119j\.m2\repository\org\springframework\spring-jcl\5.2.8.RELEASE\spring-jcl-5.2.8.RELEASE.jar;C:\Users\ecm6119j\.m2\repository\org\yaml\snakeyaml\1.26\snakeyaml-1.26.jar;C:\Users\ecm6119j\.m2\repository\org\springframework\boot\spring-boot-starter-data-jpa\2.3.3.RELEASE\spring-boot-starter-data-jpa-2.3.3.RELEASE.jar;C:\Users\ecm6119j\.m2\repository\org\springframework\boot\spring-boot-starter-aop\2.3.3.RELEASE\spring-boot-starter-aop-2.3.3.RELEASE.jar;C:\Users\ecm6119j\.m2\repository\org\aspectj\aspectjweaver\1.9.6\aspectjweaver-1.9.6.jar;C:\Users\ecm6119j\.m2\repository\org\springframework\boot\spring-boot-starter-jdbc\2.3.3.RELEASE\spring-boot-starter-jdbc-2.3.3.RELEASE.jar;C:\Users\ecm6119j\.m2\repository\com\zaxxer\HikariCP\3.4.5\HikariCP-3.4.5.jar;C:\Users\ecm6119j\.m2\repository\org\springframework\spring-jdbc\5.2.8.RELEASE\spring-jdbc-5.2.8.RELEASE.jar;C:\Users\ecm6119j\.m2\repository\jakarta\transaction\jakarta.transaction-api\1.3.3\jakarta.transaction-api-1.3.3.jar;C:\Users\ecm6119j\.m2\repository\jakarta\persistence\jakarta.persistence-api\2.2.3\jakarta.persistence-api-2.2.3.jar;C:\Users\ecm6119j\.m2\repositor
Launcher Type: SUN_STANDARD

Environment Variables:
JAVA_HOME=C:\Program Files\Java\jdk1.8.0_144
CLASSPATH=C:\Carlos\WSCustomerInquiry_FulFillOper\WSCustomerInquiry_FulFillOper\WSCustomerInquiry\WSCustomerInquiry-ejb\src\main\java
PATH=C:\Program Files\Java\jdk1.8.0_144\jre\bin;C:/Program Files/Java/jre1.8.0_261/bin/server;C:/Program Files/Java/jre1.8.0_261/bin;C:/Program Files/Java/jre1.8.0_261/lib/amd64;C:\Program Files (x86)\Common Files\Oracle\Java\javapath;C:\app\uitmicro\product\12.2.0\dbhome_1\bin;C:\ProgramData\Oracle\Java\javapath;C:\Windows\system32;C:\Windows;C:\Windows\System32\Wbem;C:\Windows\System32\WindowsPowerShell\v1.0\;C:\Windows\System32\OpenSSH\;C:\maven\bin;C:\maven\bin;C:\Program Files\Java\jdk1.8.0_144\bin;C:\Program Files\Git\cmd;C:\Program Files\nodejs\;C:\Program Files\PuTTY\;C:\Program Files (x86)\Intel\Intel(R) Management Engine Components\DAL;C:\Program Files\Intel\Intel(R) Management Engine Components\DAL;C:\Users\ecm6119j\AppData\Local\Microsoft\WindowsApps;C:\Users\ecm6119j\AppData\Roaming\npm;C:\Users\ecm6119j\AppData\Local\Programs\Microsoft VS Code\bin;C:\Users\ecm6119j\AppData\Local\gitkraken\bin;C:\Carlos\instaladores\spring-tool-suite-4-4.7.2.RELEASE\sts-4.7.2.RELEASE;
USERNAME=ECM6119J
OS=Windows_NT
PROCESSOR_IDENTIFIER=Intel64 Family 6 Model 78 Stepping 3, GenuineIntel



---------------  S Y S T E M  ---------------

OS: Windows 10.0 , 64 bit Build 18362 (10.0.18362.1500)

CPU:total 4 (initial active 4) (2 cores per cpu, 2 threads per core) family 6 model 78 stepping 3, cmov, cx8, fxsr, mmx, sse, sse2, sse3, ssse3, sse4.1, sse4.2, popcnt, avx, avx2, aes, clmul, erms, 3dnowpref, lzcnt, ht, tsc, tscinvbit, bmi1, bmi2, adx

Memory: 4k page, physical 16239328k(5235592k free), swap 31967968k(10780076k free)

vm_info: Java HotSpot(TM) 64-Bit Server VM (25.144-b01) for windows-amd64 JRE (1.8.0_144-b01), built on Jul 21 2017 21:57:33 by "java_re" with MS VC++ 10.0 (VS2010)

time: Wed Aug 18 11:13:00 2021
elapsed time: 415 seconds (0d 0h 6m 55s)

