[INFO ][                    ][29/11/2022 10:34:10.304][Propiedades         ][escribirPropiedades ]Las propiedades cargadas en el sistema son: 
PRC_ACTUALIZAR_ESTADO_PEDIDO={call INH_NEWAC.PKG_ADM_LIGA_CAMP.PRC_ACTUALIZAR_ESTADO_PEDIDO(?,?,?,?,?)}
PRC_ADM_PRODUCTOS={call INH_NEWAC.PKG_ADM_LIGA_CAMP.PRC_ADM_PRODUCTOS(?,?,?,?,?,?,?,?,?,?,?,?,?,?,?,?,?,?,?)}
PRC_CREAR_PEDIDO={call INH_NEWAC.PKG_ADM_LIGA_CAMP.PRC_CREAR_PEDIDO(?,?,?,?,?,?)}
PRC_RESUMEN_PUNTOS={call INH_NEWAC.PKG_ADM_LIGA_CAMP.PRC_RESUMEN_PUNTOS(?,?,?,?,?,?,?)}
SP_HISTORICO_REDENCION={call INH_NEWAC.PKG_ADM_LIGA_CAMP.SP_HISTORICO_REDENCION(?,?,?,?,?,?,?,?,?,?,?,?,?,?,?,?,?,?,?,?,?)}
SP_PUNTOS_GANADOS={call INH_NEWAC.PKG_ADM_LIGA_CAMP.PRC_PUNTOS_GANADOS(?,?,?,?,?,?,?,?,?,?,?,?,?)}
SP_PUNTOS_VENCIDOS={call INH_NEWAC.PKG_ADM_LIGA_CAMP.PRC_HIST_VENC_PUNTOS(?,?,?,?,?,?,?,?,?,?,?,?)}		
TBL_AUX_ACT_DETALLE_PED=INH_NEWAC.TBL_AUX_ACT_DETALLE_PED
TBL_AUX_DETALLE_PED=INH_NEWAC.TBL_AUX_DETALLE_PED
app.accion.consulta.corta=C
app.accion.consulta.larga=CONSULTA
app.accion.delete.corta=E
app.accion.delete.larga=ELIMINAR
app.accion.insert.corta=I
app.accion.insert.larga=INSERTAR
app.accion.update.corta=A
app.accion.update.larga=ACTUALIZAR
app.cant.parametros.envio.correo=2
app.cant.parametros.envio.correo.pqrs=2
app.clave.encriptacion=portalLigaDeCampeones
app.clave.token=55Zh+fTnOxPSE4ElbluagBeXvWfuan+HYOCwcH8Lld8=
app.cod.001=1
app.cod.002=1
app.cod.100=0
app.cod.1000=-1000
app.cod.900=-1
app.cod.901=-99
app.cod.999=-999
app.conexion.SERCON=SERCON
app.consulta.valida.usuario.psw=select * from dual
app.des.001=Proceso exitoso
app.des.002=Proceso exitoso
app.des.100=Proceso incorrecto
app.des.1000=Error de autenticación
app.des.900=Parametros invalidos
app.des.901=Error desconocido
app.des.999=Error general de la aplicación
app.endpoint.envio.correo=http://100.123.13.103:8002/WSSerGeneral/enviarcorreo
app.error.autenticando=0
app.estado.efectivo=EFECTIVO
app.estado.numerico.efectivo=90
app.estado.numerico.pendiente=1
app.estado.numerico.rechazado=10
app.estado.pendiente=PENDIENTE
app.estado.rechazado=RECHAZADO
app.exception.000=ERROR GRAVE EN LA APLICACION. No se encuentra la consulta validar usuario y contraseña
app.exception.100=ERROR GRAVE EN LA APLICACION. No se encuentra la consulta solicitada
app.exception.101=Error de la primera validacion
app.exception.102=Error de la segunda validacion
app.flag.auth=1
app.id.parametro.asunto.envio.correo=0
app.id.parametro.url.envio.correo=1
app.id.plantilla.envio.correo=31
app.id.plantilla.envio.correo.actualizacion=32
app.id.plantilla.envio.correo.pqrs=36
app.id.plantilla.respuesta.correo.pqrs=37
app.informacion.producto=1
app.liga.codapp.propiedades=LIGA_CAMPEONES_WEB
app.liga.pqr.configuracion.msjs=app.liga.pqr.configuracion.msjs
app.liga.pqr.url.consulta.parametros=http://100.123.13.103:8002/WSSerGeneral/propiedades/admParametrosEAF
app.msj.001=Sr usuario, ud ha activado su servicio por valor de {0} y tiene {1} dias de vigencia
app.msj.002={0}
app.msj.100=Sr usuario ud no tiene permitido realizar el procesamiento
app.msj.1000=El usuario, la contraseña o la ip de origen no son correctos
app.msj.900=En este momento no podemos atender su solicitud, intente mas tarde
app.msj.901=En este momento no podemos atender su solicitud, intente mas tarde
app.msj.999=En este momento no podemos atender su solicitud, intente mas tarde
app.nombre.archivo.descarga.historico.redencion=HISTORICO_PEDIDOS.xlsx
app.nombre.archivo.descarga.historico.usuario=HISTORICO_USUARIO.xlsx
app.nombre.archivo.descarga.pedidos.historico.redenciones=HISTORICOS_REDENCIONES.XLSX
app.nombre.archivo.descarga.puntos.canjes=DETALLE_PUNTOS_Y_CANJES.xlsx
app.nombre.archivo.descarga.puntos.ganados=PUNTOS_GANADOS.xlsx
app.nombre.archivo.descarga.puntos.restantes=PUNTOS_RESTANTES.xlsx
app.nombre.archivo.descarga.puntos.vencidos=PUNTOS_VENCIDOS.xlsx												
app.nombre.archivo.descarga.referido=REFERIDOS.xlsx
app.nombre.archivo.descarga.resumen.puntos.ganados=RESUMEN_PUNTOS_GANADOS.xlsx
app.nombre.archivo.descarga.usuarios.sistema=USUARIOS_DEL_SISTEMA.xlsx
app.nombre.archivo.hoja.descarga.referido=REFERIDOS
app.nombre.archivo.reporte.pqrs=REPORTE_PQRS
app.nombre.estado.detalle.pedido.1=Pendiente
app.nombre.estado.detalle.pedido.10=Rechazado
app.nombre.estado.detalle.pedido.90=Efectivo
app.nombre.hoja1.historico.usuario=HISTORICO_USUARIO
app.nombre.hoja1.historisco.redencion=HISTORICO_PEDIDOS
app.nombre.hoja1.pedidos.historico.redenciones=HISTORICOS_REDENCIONES
app.nombre.hoja1.pqrs=REPORTE
app.nombre.hoja1.puntos.canjes=DETALLE_PUNTOS_Y_CANJES
app.nombre.hoja1.puntos.ganados=PUNTOS_GANADOS
app.nombre.hoja1.puntos.restantes=PUNTOS_RESTANTES
app.nombre.hoja1.puntos.vencidos=PUNTOS_VENCIDOS
app.nombre.hoja1.resumen.puntos.ganados=RESUMEN_PUNTOS_GANADOS
app.nombre.hoja1.usuarios.sistema=USUARIOS_DEL_SISTEMA
app.parametros.envio.correo.actualizacion=Nombres#0;fechaActual#1
app.sql.admCategorias={call inh_newac.pkg_adm_liga_camp.prc_adm_categorias(?,?,?,?,?,?,?,?,?,?,?)}
app.sql.admImagenes={call INH_NEWAC.PKG_ADM_LIGA_CAMP.PRC_ADM_IMAGENES(?,?,?,?,?,?,?,?)}
app.sql.admLugares={call inh_newac.pkg_adm_liga_camp.prc_adm_dane_lugares(?,?,?,?,?,?,?,?)}
app.sql.admPerfilXCategoria={call inh_newac.pkg_adm_liga_camp.PRC_ADM_PERFIL_CATEGORIA(?,?,?,?,?,?)}
app.sql.admPerfiles={call inh_newac.pkg_adm_liga_camp.PRC_ADM_PERFILES(?,?,?,?,?,?,?,?,?)}
app.sql.admPreguntas={call INH_NEWAC.PKG_ADM_LIGA_CAMP.PRC_ADM_PREGUNTAS(?,?,?,?,?,?,?,?,?)}
app.sql.admReferido={call inh_newac.pkg_adm_liga_camp.PRC_ADM_REFERIDO(?,?,?,?,?,?,?,?,?,?,?,?,?,?,?,?,?,?)}
app.sql.admUsuarios={call inh_newac.pkg_adm_liga_camp.prc_adm_usuarios(?,?,?,?,?,?,?,?,?,?,?,?,?,?,?,?,?,?,?)}
app.sql.consulta.propiedades=SELECT valor FROM INH_NEWAC.TBL_PARAMETROS  WHERE COD_APP = ? AND CODIGO = ?
app.sql.consulta1=SELECT * FROM TABLA WHERE CAMPO1 = ? AND CAMPO2 = ?
app.sql.historico.usuario={call inh_newac.pkg_adm_liga_camp.prc_hist_usuario(?,?,?,?,?,?,?,?,?)}
app.sql.pl1={ call SAC_ADMIN2_FAB.PRC_PRUEBA_UNO(?, ?, ?, ?) }
app.sql.pl2={ call SAC_ADMIN2_FAB.PRC_PRUEBA_DOS(?, ?, ?, ?) }
app.sql.prcAdmPQR={call INH_NEWAC.PKG_ADM_LIGA_CAMP.PRC_ADM_PQR(?,?,?,?,?,?,?,?,?,?,?,?,?,?,?,?,?,?,?,?,?)}
app.sql.prcResponderPQR={call INH_NEWAC.PKG_ADM_LIGA_CAMP.PRC_RESPONDER_PQR(?,?,?,?,?,?)}
app.sql.time.out=30
app.sql.usuarios.sistema={call inh_newac.pkg_adm_liga_camp.PRC_ADM_USUARIOS_DEL_SISTEMA(?,?,?)}
app.sql.validar.usuario={call inh_newac.pkg_adm_liga_camp.prc_validar_usuario(?,?,?,?,?)}
app.tipo.conexion.SERCON=JDBC
app.token.time=1800
app.token.time.cambio.contrasena=600
app.valor.accion.inesperada=-5
data.base.cargue.properties=SAC_ADMIN2_FAB
data.base.cargue.properties.tipo=JNDI
data.base.jndi.data.source.COMCORP=jdbcCOMCORP
data.base.jndi.data.source.SACDEV=jdbc/Sac
data.base.jndi.data.source.SERCON=jdbcCOMCORP
data.base.logger.file.config=/home/camilo/openshift/crc-linux-2.10.2-amd64/ligaCampeones-Servicios/WSLigaCampeones/WSLigaCampeones/Log4jWSLigaCampeones.properties
data.base.logger.name.config=WSLigaCampeones
data.base.logger.type.config=prop
prop.pqr.correos.notificacion=prop.pqr.correos.notificacion
sql.tbl.properties.consulta=SELECT PAR_NOMBRE PROPIEDAD, PAR_VALOR VALOR FROM T_PARAMETROS WHERE ESTADO = 'A'
url.cambio.contrasena=http://localhost:4200/#/cambiarContrasena/:
url.champions.ligue=http://172.24.160.148:8080/EXP_ChampionsLeague/PS_ChampionsLeagueV1.0_RS/GetVendors

[INFO ][                    ][29/11/2022 10:34:10.439][Propiedades         ][cargarPropiedadesPorArchivo]Cargando propiedades por Archivo
[INFO ][                    ][29/11/2022 10:34:10.440][Propiedades         ][cargarPropiedadesPorBD]Cargando propiedades por Base de Datos
[ERROR][                    ][29/11/2022 10:34:10.442][ConexionJNDI        ][getConnection       ]Error obteniendo conexion al data source solicitado
[INFO ][                    ][29/11/2022 10:34:10.463][Propiedades         ][escribirPropiedades ]Las propiedades cargadas en el sistema son: 
PRC_ACTUALIZAR_ESTADO_PEDIDO={call INH_NEWAC.PKG_ADM_LIGA_CAMP.PRC_ACTUALIZAR_ESTADO_PEDIDO(?,?,?,?,?)}
PRC_ADM_PRODUCTOS={call INH_NEWAC.PKG_ADM_LIGA_CAMP.PRC_ADM_PRODUCTOS(?,?,?,?,?,?,?,?,?,?,?,?,?,?,?,?,?,?,?)}
PRC_CREAR_PEDIDO={call INH_NEWAC.PKG_ADM_LIGA_CAMP.PRC_CREAR_PEDIDO(?,?,?,?,?,?)}
PRC_RESUMEN_PUNTOS={call INH_NEWAC.PKG_ADM_LIGA_CAMP.PRC_RESUMEN_PUNTOS(?,?,?,?,?,?,?)}
SP_HISTORICO_REDENCION={call INH_NEWAC.PKG_ADM_LIGA_CAMP.SP_HISTORICO_REDENCION(?,?,?,?,?,?,?,?,?,?,?,?,?,?,?,?,?,?,?,?,?)}
SP_PUNTOS_GANADOS={call INH_NEWAC.PKG_ADM_LIGA_CAMP.PRC_PUNTOS_GANADOS(?,?,?,?,?,?,?,?,?,?,?,?,?)}
SP_PUNTOS_VENCIDOS={call INH_NEWAC.PKG_ADM_LIGA_CAMP.PRC_HIST_VENC_PUNTOS(?,?,?,?,?,?,?,?,?,?,?,?)}		
TBL_AUX_ACT_DETALLE_PED=INH_NEWAC.TBL_AUX_ACT_DETALLE_PED
TBL_AUX_DETALLE_PED=INH_NEWAC.TBL_AUX_DETALLE_PED
app.accion.consulta.corta=C
app.accion.consulta.larga=CONSULTA
app.accion.delete.corta=E
app.accion.delete.larga=ELIMINAR
app.accion.insert.corta=I
app.accion.insert.larga=INSERTAR
app.accion.update.corta=A
app.accion.update.larga=ACTUALIZAR
app.cant.parametros.envio.correo=2
app.cant.parametros.envio.correo.pqrs=2
app.clave.encriptacion=portalLigaDeCampeones
app.clave.token=55Zh+fTnOxPSE4ElbluagBeXvWfuan+HYOCwcH8Lld8=
app.cod.001=1
app.cod.002=1
app.cod.100=0
app.cod.1000=-1000
app.cod.900=-1
app.cod.901=-99
app.cod.999=-999
app.conexion.SERCON=SERCON
app.consulta.valida.usuario.psw=select * from dual
app.des.001=Proceso exitoso
app.des.002=Proceso exitoso
app.des.100=Proceso incorrecto
app.des.1000=Error de autenticación
app.des.900=Parametros invalidos
app.des.901=Error desconocido
app.des.999=Error general de la aplicación
app.endpoint.envio.correo=http://100.123.13.103:8002/WSSerGeneral/enviarcorreo
app.error.autenticando=0
app.estado.efectivo=EFECTIVO
app.estado.numerico.efectivo=90
app.estado.numerico.pendiente=1
app.estado.numerico.rechazado=10
app.estado.pendiente=PENDIENTE
app.estado.rechazado=RECHAZADO
app.exception.000=ERROR GRAVE EN LA APLICACION. No se encuentra la consulta validar usuario y contraseña
app.exception.100=ERROR GRAVE EN LA APLICACION. No se encuentra la consulta solicitada
app.exception.101=Error de la primera validacion
app.exception.102=Error de la segunda validacion
app.flag.auth=1
app.id.parametro.asunto.envio.correo=0
app.id.parametro.url.envio.correo=1
app.id.plantilla.envio.correo=31
app.id.plantilla.envio.correo.actualizacion=32
app.id.plantilla.envio.correo.pqrs=36
app.id.plantilla.respuesta.correo.pqrs=37
app.informacion.producto=1
app.liga.codapp.propiedades=LIGA_CAMPEONES_WEB
app.liga.pqr.configuracion.msjs=app.liga.pqr.configuracion.msjs
app.liga.pqr.url.consulta.parametros=http://100.123.13.103:8002/WSSerGeneral/propiedades/admParametrosEAF
app.msj.001=Sr usuario, ud ha activado su servicio por valor de {0} y tiene {1} dias de vigencia
app.msj.002={0}
app.msj.100=Sr usuario ud no tiene permitido realizar el procesamiento
app.msj.1000=El usuario, la contraseña o la ip de origen no son correctos
app.msj.900=En este momento no podemos atender su solicitud, intente mas tarde
app.msj.901=En este momento no podemos atender su solicitud, intente mas tarde
app.msj.999=En este momento no podemos atender su solicitud, intente mas tarde
app.nombre.archivo.descarga.historico.redencion=HISTORICO_PEDIDOS.xlsx
app.nombre.archivo.descarga.historico.usuario=HISTORICO_USUARIO.xlsx
app.nombre.archivo.descarga.pedidos.historico.redenciones=HISTORICOS_REDENCIONES.XLSX
app.nombre.archivo.descarga.puntos.canjes=DETALLE_PUNTOS_Y_CANJES.xlsx
app.nombre.archivo.descarga.puntos.ganados=PUNTOS_GANADOS.xlsx
app.nombre.archivo.descarga.puntos.restantes=PUNTOS_RESTANTES.xlsx
app.nombre.archivo.descarga.puntos.vencidos=PUNTOS_VENCIDOS.xlsx												
app.nombre.archivo.descarga.referido=REFERIDOS.xlsx
app.nombre.archivo.descarga.resumen.puntos.ganados=RESUMEN_PUNTOS_GANADOS.xlsx
app.nombre.archivo.descarga.usuarios.sistema=USUARIOS_DEL_SISTEMA.xlsx
app.nombre.archivo.hoja.descarga.referido=REFERIDOS
app.nombre.archivo.reporte.pqrs=REPORTE_PQRS
app.nombre.estado.detalle.pedido.1=Pendiente
app.nombre.estado.detalle.pedido.10=Rechazado
app.nombre.estado.detalle.pedido.90=Efectivo
app.nombre.hoja1.historico.usuario=HISTORICO_USUARIO
app.nombre.hoja1.historisco.redencion=HISTORICO_PEDIDOS
app.nombre.hoja1.pedidos.historico.redenciones=HISTORICOS_REDENCIONES
app.nombre.hoja1.pqrs=REPORTE
app.nombre.hoja1.puntos.canjes=DETALLE_PUNTOS_Y_CANJES
app.nombre.hoja1.puntos.ganados=PUNTOS_GANADOS
app.nombre.hoja1.puntos.restantes=PUNTOS_RESTANTES
app.nombre.hoja1.puntos.vencidos=PUNTOS_VENCIDOS
app.nombre.hoja1.resumen.puntos.ganados=RESUMEN_PUNTOS_GANADOS
app.nombre.hoja1.usuarios.sistema=USUARIOS_DEL_SISTEMA
app.parametros.envio.correo.actualizacion=Nombres#0;fechaActual#1
app.sql.admCategorias={call inh_newac.pkg_adm_liga_camp.prc_adm_categorias(?,?,?,?,?,?,?,?,?,?,?)}
app.sql.admImagenes={call INH_NEWAC.PKG_ADM_LIGA_CAMP.PRC_ADM_IMAGENES(?,?,?,?,?,?,?,?)}
app.sql.admLugares={call inh_newac.pkg_adm_liga_camp.prc_adm_dane_lugares(?,?,?,?,?,?,?,?)}
app.sql.admPerfilXCategoria={call inh_newac.pkg_adm_liga_camp.PRC_ADM_PERFIL_CATEGORIA(?,?,?,?,?,?)}
app.sql.admPerfiles={call inh_newac.pkg_adm_liga_camp.PRC_ADM_PERFILES(?,?,?,?,?,?,?,?,?)}
app.sql.admPreguntas={call INH_NEWAC.PKG_ADM_LIGA_CAMP.PRC_ADM_PREGUNTAS(?,?,?,?,?,?,?,?,?)}
app.sql.admReferido={call inh_newac.pkg_adm_liga_camp.PRC_ADM_REFERIDO(?,?,?,?,?,?,?,?,?,?,?,?,?,?,?,?,?,?)}
app.sql.admUsuarios={call inh_newac.pkg_adm_liga_camp.prc_adm_usuarios(?,?,?,?,?,?,?,?,?,?,?,?,?,?,?,?,?,?,?)}
app.sql.consulta.propiedades=SELECT valor FROM INH_NEWAC.TBL_PARAMETROS  WHERE COD_APP = ? AND CODIGO = ?
app.sql.consulta1=SELECT * FROM TABLA WHERE CAMPO1 = ? AND CAMPO2 = ?
app.sql.historico.usuario={call inh_newac.pkg_adm_liga_camp.prc_hist_usuario(?,?,?,?,?,?,?,?,?)}
app.sql.pl1={ call SAC_ADMIN2_FAB.PRC_PRUEBA_UNO(?, ?, ?, ?) }
app.sql.pl2={ call SAC_ADMIN2_FAB.PRC_PRUEBA_DOS(?, ?, ?, ?) }
app.sql.prcAdmPQR={call INH_NEWAC.PKG_ADM_LIGA_CAMP.PRC_ADM_PQR(?,?,?,?,?,?,?,?,?,?,?,?,?,?,?,?,?,?,?,?,?)}
app.sql.prcResponderPQR={call INH_NEWAC.PKG_ADM_LIGA_CAMP.PRC_RESPONDER_PQR(?,?,?,?,?,?)}
app.sql.time.out=30
app.sql.usuarios.sistema={call inh_newac.pkg_adm_liga_camp.PRC_ADM_USUARIOS_DEL_SISTEMA(?,?,?)}
app.sql.validar.usuario={call inh_newac.pkg_adm_liga_camp.prc_validar_usuario(?,?,?,?,?)}
app.tipo.conexion.SERCON=JDBC
app.token.time=1800
app.token.time.cambio.contrasena=600
app.valor.accion.inesperada=-5
data.base.cargue.properties=SAC_ADMIN2_FAB
data.base.cargue.properties.tipo=JNDI
data.base.jndi.data.source.COMCORP=jdbcCOMCORP
data.base.jndi.data.source.SACDEV=jdbc/Sac
data.base.jndi.data.source.SERCON=jdbcCOMCORP
data.base.logger.file.config=/home/camilo/openshift/crc-linux-2.10.2-amd64/ligaCampeones-Servicios/WSLigaCampeones/WSLigaCampeones/Log4jWSLigaCampeones.properties
data.base.logger.name.config=WSLigaCampeones
data.base.logger.type.config=prop
prop.pqr.correos.notificacion=prop.pqr.correos.notificacion
sql.tbl.properties.consulta=SELECT PAR_NOMBRE PROPIEDAD, PAR_VALOR VALOR FROM T_PARAMETROS WHERE ESTADO = 'A'
url.cambio.contrasena=http://localhost:4200/#/cambiarContrasena/:
url.champions.ligue=http://172.24.160.148:8080/EXP_ChampionsLeague/PS_ChampionsLeagueV1.0_RS/GetVendors

[INFO ][                    ][29/11/2022 10:34:12.758][DirectJDKLog        ][log                 ]Initializing ProtocolHandler ["http-nio-8080"]
[INFO ][                    ][29/11/2022 10:34:12.762][DirectJDKLog        ][log                 ]Starting service [Tomcat]
[INFO ][                    ][29/11/2022 10:34:12.765][DirectJDKLog        ][log                 ]Starting Servlet engine: [Apache Tomcat/9.0.69]
[INFO ][                    ][29/11/2022 10:34:12.831][DirectJDKLog        ][log                 ]Initializing Spring embedded WebApplicationContext
[INFO ][                    ][29/11/2022 10:34:13.054][DirectJDKLog        ][log                 ]Stopping service [Tomcat]
[INFO ][                    ][29/11/2022 10:42:48.490][Propiedades         ][escribirPropiedades ]Las propiedades cargadas en el sistema son: 
PRC_ACTUALIZAR_ESTADO_PEDIDO={call INH_NEWAC.PKG_ADM_LIGA_CAMP.PRC_ACTUALIZAR_ESTADO_PEDIDO(?,?,?,?,?)}
PRC_ADM_PRODUCTOS={call INH_NEWAC.PKG_ADM_LIGA_CAMP.PRC_ADM_PRODUCTOS(?,?,?,?,?,?,?,?,?,?,?,?,?,?,?,?,?,?,?)}
PRC_CREAR_PEDIDO={call INH_NEWAC.PKG_ADM_LIGA_CAMP.PRC_CREAR_PEDIDO(?,?,?,?,?,?)}
PRC_RESUMEN_PUNTOS={call INH_NEWAC.PKG_ADM_LIGA_CAMP.PRC_RESUMEN_PUNTOS(?,?,?,?,?,?,?)}
SP_HISTORICO_REDENCION={call INH_NEWAC.PKG_ADM_LIGA_CAMP.SP_HISTORICO_REDENCION(?,?,?,?,?,?,?,?,?,?,?,?,?,?,?,?,?,?,?,?,?)}
SP_PUNTOS_GANADOS={call INH_NEWAC.PKG_ADM_LIGA_CAMP.PRC_PUNTOS_GANADOS(?,?,?,?,?,?,?,?,?,?,?,?,?)}
SP_PUNTOS_VENCIDOS={call INH_NEWAC.PKG_ADM_LIGA_CAMP.PRC_HIST_VENC_PUNTOS(?,?,?,?,?,?,?,?,?,?,?,?)}		
TBL_AUX_ACT_DETALLE_PED=INH_NEWAC.TBL_AUX_ACT_DETALLE_PED
TBL_AUX_DETALLE_PED=INH_NEWAC.TBL_AUX_DETALLE_PED
app.accion.consulta.corta=C
app.accion.consulta.larga=CONSULTA
app.accion.delete.corta=E
app.accion.delete.larga=ELIMINAR
app.accion.insert.corta=I
app.accion.insert.larga=INSERTAR
app.accion.update.corta=A
app.accion.update.larga=ACTUALIZAR
app.cant.parametros.envio.correo=2
app.cant.parametros.envio.correo.pqrs=2
app.clave.encriptacion=portalLigaDeCampeones
app.clave.token=55Zh+fTnOxPSE4ElbluagBeXvWfuan+HYOCwcH8Lld8=
app.cod.001=1
app.cod.002=1
app.cod.100=0
app.cod.1000=-1000
app.cod.900=-1
app.cod.901=-99
app.cod.999=-999
app.conexion.SERCON=SERCON
app.consulta.valida.usuario.psw=select * from dual
app.des.001=Proceso exitoso
app.des.002=Proceso exitoso
app.des.100=Proceso incorrecto
app.des.1000=Error de autenticación
app.des.900=Parametros invalidos
app.des.901=Error desconocido
app.des.999=Error general de la aplicación
app.endpoint.envio.correo=http://100.123.13.103:8002/WSSerGeneral/enviarcorreo
app.error.autenticando=0
app.estado.efectivo=EFECTIVO
app.estado.numerico.efectivo=90
app.estado.numerico.pendiente=1
app.estado.numerico.rechazado=10
app.estado.pendiente=PENDIENTE
app.estado.rechazado=RECHAZADO
app.exception.000=ERROR GRAVE EN LA APLICACION. No se encuentra la consulta validar usuario y contraseña
app.exception.100=ERROR GRAVE EN LA APLICACION. No se encuentra la consulta solicitada
app.exception.101=Error de la primera validacion
app.exception.102=Error de la segunda validacion
app.flag.auth=1
app.id.parametro.asunto.envio.correo=0
app.id.parametro.url.envio.correo=1
app.id.plantilla.envio.correo=31
app.id.plantilla.envio.correo.actualizacion=32
app.id.plantilla.envio.correo.pqrs=36
app.id.plantilla.respuesta.correo.pqrs=37
app.informacion.producto=1
app.liga.codapp.propiedades=LIGA_CAMPEONES_WEB
app.liga.pqr.configuracion.msjs=app.liga.pqr.configuracion.msjs
app.liga.pqr.url.consulta.parametros=http://100.123.13.103:8002/WSSerGeneral/propiedades/admParametrosEAF
app.msj.001=Sr usuario, ud ha activado su servicio por valor de {0} y tiene {1} dias de vigencia
app.msj.002={0}
app.msj.100=Sr usuario ud no tiene permitido realizar el procesamiento
app.msj.1000=El usuario, la contraseña o la ip de origen no son correctos
app.msj.900=En este momento no podemos atender su solicitud, intente mas tarde
app.msj.901=En este momento no podemos atender su solicitud, intente mas tarde
app.msj.999=En este momento no podemos atender su solicitud, intente mas tarde
app.nombre.archivo.descarga.historico.redencion=HISTORICO_PEDIDOS.xlsx
app.nombre.archivo.descarga.historico.usuario=HISTORICO_USUARIO.xlsx
app.nombre.archivo.descarga.pedidos.historico.redenciones=HISTORICOS_REDENCIONES.XLSX
app.nombre.archivo.descarga.puntos.canjes=DETALLE_PUNTOS_Y_CANJES.xlsx
app.nombre.archivo.descarga.puntos.ganados=PUNTOS_GANADOS.xlsx
app.nombre.archivo.descarga.puntos.restantes=PUNTOS_RESTANTES.xlsx
app.nombre.archivo.descarga.puntos.vencidos=PUNTOS_VENCIDOS.xlsx												
app.nombre.archivo.descarga.referido=REFERIDOS.xlsx
app.nombre.archivo.descarga.resumen.puntos.ganados=RESUMEN_PUNTOS_GANADOS.xlsx
app.nombre.archivo.descarga.usuarios.sistema=USUARIOS_DEL_SISTEMA.xlsx
app.nombre.archivo.hoja.descarga.referido=REFERIDOS
app.nombre.archivo.reporte.pqrs=REPORTE_PQRS
app.nombre.estado.detalle.pedido.1=Pendiente
app.nombre.estado.detalle.pedido.10=Rechazado
app.nombre.estado.detalle.pedido.90=Efectivo
app.nombre.hoja1.historico.usuario=HISTORICO_USUARIO
app.nombre.hoja1.historisco.redencion=HISTORICO_PEDIDOS
app.nombre.hoja1.pedidos.historico.redenciones=HISTORICOS_REDENCIONES
app.nombre.hoja1.pqrs=REPORTE
app.nombre.hoja1.puntos.canjes=DETALLE_PUNTOS_Y_CANJES
app.nombre.hoja1.puntos.ganados=PUNTOS_GANADOS
app.nombre.hoja1.puntos.restantes=PUNTOS_RESTANTES
app.nombre.hoja1.puntos.vencidos=PUNTOS_VENCIDOS
app.nombre.hoja1.resumen.puntos.ganados=RESUMEN_PUNTOS_GANADOS
app.nombre.hoja1.usuarios.sistema=USUARIOS_DEL_SISTEMA
app.parametros.envio.correo.actualizacion=Nombres#0;fechaActual#1
app.sql.admCategorias={call inh_newac.pkg_adm_liga_camp.prc_adm_categorias(?,?,?,?,?,?,?,?,?,?,?)}
app.sql.admImagenes={call INH_NEWAC.PKG_ADM_LIGA_CAMP.PRC_ADM_IMAGENES(?,?,?,?,?,?,?,?)}
app.sql.admLugares={call inh_newac.pkg_adm_liga_camp.prc_adm_dane_lugares(?,?,?,?,?,?,?,?)}
app.sql.admPerfilXCategoria={call inh_newac.pkg_adm_liga_camp.PRC_ADM_PERFIL_CATEGORIA(?,?,?,?,?,?)}
app.sql.admPerfiles={call inh_newac.pkg_adm_liga_camp.PRC_ADM_PERFILES(?,?,?,?,?,?,?,?,?)}
app.sql.admPreguntas={call INH_NEWAC.PKG_ADM_LIGA_CAMP.PRC_ADM_PREGUNTAS(?,?,?,?,?,?,?,?,?)}
app.sql.admReferido={call inh_newac.pkg_adm_liga_camp.PRC_ADM_REFERIDO(?,?,?,?,?,?,?,?,?,?,?,?,?,?,?,?,?,?)}
app.sql.admUsuarios={call inh_newac.pkg_adm_liga_camp.prc_adm_usuarios(?,?,?,?,?,?,?,?,?,?,?,?,?,?,?,?,?,?,?)}
app.sql.consulta.propiedades=SELECT valor FROM INH_NEWAC.TBL_PARAMETROS  WHERE COD_APP = ? AND CODIGO = ?
app.sql.consulta1=SELECT * FROM TABLA WHERE CAMPO1 = ? AND CAMPO2 = ?
app.sql.historico.usuario={call inh_newac.pkg_adm_liga_camp.prc_hist_usuario(?,?,?,?,?,?,?,?,?)}
app.sql.pl1={ call SAC_ADMIN2_FAB.PRC_PRUEBA_UNO(?, ?, ?, ?) }
app.sql.pl2={ call SAC_ADMIN2_FAB.PRC_PRUEBA_DOS(?, ?, ?, ?) }
app.sql.prcAdmPQR={call INH_NEWAC.PKG_ADM_LIGA_CAMP.PRC_ADM_PQR(?,?,?,?,?,?,?,?,?,?,?,?,?,?,?,?,?,?,?,?,?)}
app.sql.prcResponderPQR={call INH_NEWAC.PKG_ADM_LIGA_CAMP.PRC_RESPONDER_PQR(?,?,?,?,?,?)}
app.sql.time.out=30
app.sql.usuarios.sistema={call inh_newac.pkg_adm_liga_camp.PRC_ADM_USUARIOS_DEL_SISTEMA(?,?,?)}
app.sql.validar.usuario={call inh_newac.pkg_adm_liga_camp.prc_validar_usuario(?,?,?,?,?)}
app.tipo.conexion.SERCON=JDBC
app.token.time=1800
app.token.time.cambio.contrasena=600
app.valor.accion.inesperada=-5
data.base.cargue.properties=SAC_ADMIN2_FAB
data.base.cargue.properties.tipo=JNDI
data.base.jndi.data.source.COMCORP=jdbcCOMCORP
data.base.jndi.data.source.SACDEV=jdbc/Sac
data.base.jndi.data.source.SERCON=jdbcCOMCORP
data.base.logger.file.config=/home/camilo/openshift/crc-linux-2.10.2-amd64/ligaCampeones-Servicios/WSLigaCampeones/WSLigaCampeones/Log4jWSLigaCampeones.properties
data.base.logger.name.config=WSLigaCampeones
data.base.logger.type.config=prop
prop.pqr.correos.notificacion=prop.pqr.correos.notificacion
sql.tbl.properties.consulta=SELECT PAR_NOMBRE PROPIEDAD, PAR_VALOR VALOR FROM T_PARAMETROS WHERE ESTADO = 'A'
url.cambio.contrasena=http://localhost:4200/#/cambiarContrasena/:
url.champions.ligue=http://172.24.160.148:8080/EXP_ChampionsLeague/PS_ChampionsLeagueV1.0_RS/GetVendors

[INFO ][                    ][29/11/2022 10:42:48.593][Propiedades         ][cargarPropiedadesPorArchivo]Cargando propiedades por Archivo
[INFO ][                    ][29/11/2022 10:42:48.594][Propiedades         ][cargarPropiedadesPorBD]Cargando propiedades por Base de Datos
[ERROR][                    ][29/11/2022 10:42:48.595][ConexionJNDI        ][getConnection       ]Error obteniendo conexion al data source solicitado
[INFO ][                    ][29/11/2022 10:42:48.619][Propiedades         ][escribirPropiedades ]Las propiedades cargadas en el sistema son: 
PRC_ACTUALIZAR_ESTADO_PEDIDO={call INH_NEWAC.PKG_ADM_LIGA_CAMP.PRC_ACTUALIZAR_ESTADO_PEDIDO(?,?,?,?,?)}
PRC_ADM_PRODUCTOS={call INH_NEWAC.PKG_ADM_LIGA_CAMP.PRC_ADM_PRODUCTOS(?,?,?,?,?,?,?,?,?,?,?,?,?,?,?,?,?,?,?)}
PRC_CREAR_PEDIDO={call INH_NEWAC.PKG_ADM_LIGA_CAMP.PRC_CREAR_PEDIDO(?,?,?,?,?,?)}
PRC_RESUMEN_PUNTOS={call INH_NEWAC.PKG_ADM_LIGA_CAMP.PRC_RESUMEN_PUNTOS(?,?,?,?,?,?,?)}
SP_HISTORICO_REDENCION={call INH_NEWAC.PKG_ADM_LIGA_CAMP.SP_HISTORICO_REDENCION(?,?,?,?,?,?,?,?,?,?,?,?,?,?,?,?,?,?,?,?,?)}
SP_PUNTOS_GANADOS={call INH_NEWAC.PKG_ADM_LIGA_CAMP.PRC_PUNTOS_GANADOS(?,?,?,?,?,?,?,?,?,?,?,?,?)}
SP_PUNTOS_VENCIDOS={call INH_NEWAC.PKG_ADM_LIGA_CAMP.PRC_HIST_VENC_PUNTOS(?,?,?,?,?,?,?,?,?,?,?,?)}		
TBL_AUX_ACT_DETALLE_PED=INH_NEWAC.TBL_AUX_ACT_DETALLE_PED
TBL_AUX_DETALLE_PED=INH_NEWAC.TBL_AUX_DETALLE_PED
app.accion.consulta.corta=C
app.accion.consulta.larga=CONSULTA
app.accion.delete.corta=E
app.accion.delete.larga=ELIMINAR
app.accion.insert.corta=I
app.accion.insert.larga=INSERTAR
app.accion.update.corta=A
app.accion.update.larga=ACTUALIZAR
app.cant.parametros.envio.correo=2
app.cant.parametros.envio.correo.pqrs=2
app.clave.encriptacion=portalLigaDeCampeones
app.clave.token=55Zh+fTnOxPSE4ElbluagBeXvWfuan+HYOCwcH8Lld8=
app.cod.001=1
app.cod.002=1
app.cod.100=0
app.cod.1000=-1000
app.cod.900=-1
app.cod.901=-99
app.cod.999=-999
app.conexion.SERCON=SERCON
app.consulta.valida.usuario.psw=select * from dual
app.des.001=Proceso exitoso
app.des.002=Proceso exitoso
app.des.100=Proceso incorrecto
app.des.1000=Error de autenticación
app.des.900=Parametros invalidos
app.des.901=Error desconocido
app.des.999=Error general de la aplicación
app.endpoint.envio.correo=http://100.123.13.103:8002/WSSerGeneral/enviarcorreo
app.error.autenticando=0
app.estado.efectivo=EFECTIVO
app.estado.numerico.efectivo=90
app.estado.numerico.pendiente=1
app.estado.numerico.rechazado=10
app.estado.pendiente=PENDIENTE
app.estado.rechazado=RECHAZADO
app.exception.000=ERROR GRAVE EN LA APLICACION. No se encuentra la consulta validar usuario y contraseña
app.exception.100=ERROR GRAVE EN LA APLICACION. No se encuentra la consulta solicitada
app.exception.101=Error de la primera validacion
app.exception.102=Error de la segunda validacion
app.flag.auth=1
app.id.parametro.asunto.envio.correo=0
app.id.parametro.url.envio.correo=1
app.id.plantilla.envio.correo=31
app.id.plantilla.envio.correo.actualizacion=32
app.id.plantilla.envio.correo.pqrs=36
app.id.plantilla.respuesta.correo.pqrs=37
app.informacion.producto=1
app.liga.codapp.propiedades=LIGA_CAMPEONES_WEB
app.liga.pqr.configuracion.msjs=app.liga.pqr.configuracion.msjs
app.liga.pqr.url.consulta.parametros=http://100.123.13.103:8002/WSSerGeneral/propiedades/admParametrosEAF
app.msj.001=Sr usuario, ud ha activado su servicio por valor de {0} y tiene {1} dias de vigencia
app.msj.002={0}
app.msj.100=Sr usuario ud no tiene permitido realizar el procesamiento
app.msj.1000=El usuario, la contraseña o la ip de origen no son correctos
app.msj.900=En este momento no podemos atender su solicitud, intente mas tarde
app.msj.901=En este momento no podemos atender su solicitud, intente mas tarde
app.msj.999=En este momento no podemos atender su solicitud, intente mas tarde
app.nombre.archivo.descarga.historico.redencion=HISTORICO_PEDIDOS.xlsx
app.nombre.archivo.descarga.historico.usuario=HISTORICO_USUARIO.xlsx
app.nombre.archivo.descarga.pedidos.historico.redenciones=HISTORICOS_REDENCIONES.XLSX
app.nombre.archivo.descarga.puntos.canjes=DETALLE_PUNTOS_Y_CANJES.xlsx
app.nombre.archivo.descarga.puntos.ganados=PUNTOS_GANADOS.xlsx
app.nombre.archivo.descarga.puntos.restantes=PUNTOS_RESTANTES.xlsx
app.nombre.archivo.descarga.puntos.vencidos=PUNTOS_VENCIDOS.xlsx												
app.nombre.archivo.descarga.referido=REFERIDOS.xlsx
app.nombre.archivo.descarga.resumen.puntos.ganados=RESUMEN_PUNTOS_GANADOS.xlsx
app.nombre.archivo.descarga.usuarios.sistema=USUARIOS_DEL_SISTEMA.xlsx
app.nombre.archivo.hoja.descarga.referido=REFERIDOS
app.nombre.archivo.reporte.pqrs=REPORTE_PQRS
app.nombre.estado.detalle.pedido.1=Pendiente
app.nombre.estado.detalle.pedido.10=Rechazado
app.nombre.estado.detalle.pedido.90=Efectivo
app.nombre.hoja1.historico.usuario=HISTORICO_USUARIO
app.nombre.hoja1.historisco.redencion=HISTORICO_PEDIDOS
app.nombre.hoja1.pedidos.historico.redenciones=HISTORICOS_REDENCIONES
app.nombre.hoja1.pqrs=REPORTE
app.nombre.hoja1.puntos.canjes=DETALLE_PUNTOS_Y_CANJES
app.nombre.hoja1.puntos.ganados=PUNTOS_GANADOS
app.nombre.hoja1.puntos.restantes=PUNTOS_RESTANTES
app.nombre.hoja1.puntos.vencidos=PUNTOS_VENCIDOS
app.nombre.hoja1.resumen.puntos.ganados=RESUMEN_PUNTOS_GANADOS
app.nombre.hoja1.usuarios.sistema=USUARIOS_DEL_SISTEMA
app.parametros.envio.correo.actualizacion=Nombres#0;fechaActual#1
app.sql.admCategorias={call inh_newac.pkg_adm_liga_camp.prc_adm_categorias(?,?,?,?,?,?,?,?,?,?,?)}
app.sql.admImagenes={call INH_NEWAC.PKG_ADM_LIGA_CAMP.PRC_ADM_IMAGENES(?,?,?,?,?,?,?,?)}
app.sql.admLugares={call inh_newac.pkg_adm_liga_camp.prc_adm_dane_lugares(?,?,?,?,?,?,?,?)}
app.sql.admPerfilXCategoria={call inh_newac.pkg_adm_liga_camp.PRC_ADM_PERFIL_CATEGORIA(?,?,?,?,?,?)}
app.sql.admPerfiles={call inh_newac.pkg_adm_liga_camp.PRC_ADM_PERFILES(?,?,?,?,?,?,?,?,?)}
app.sql.admPreguntas={call INH_NEWAC.PKG_ADM_LIGA_CAMP.PRC_ADM_PREGUNTAS(?,?,?,?,?,?,?,?,?)}
app.sql.admReferido={call inh_newac.pkg_adm_liga_camp.PRC_ADM_REFERIDO(?,?,?,?,?,?,?,?,?,?,?,?,?,?,?,?,?,?)}
app.sql.admUsuarios={call inh_newac.pkg_adm_liga_camp.prc_adm_usuarios(?,?,?,?,?,?,?,?,?,?,?,?,?,?,?,?,?,?,?)}
app.sql.consulta.propiedades=SELECT valor FROM INH_NEWAC.TBL_PARAMETROS  WHERE COD_APP = ? AND CODIGO = ?
app.sql.consulta1=SELECT * FROM TABLA WHERE CAMPO1 = ? AND CAMPO2 = ?
app.sql.historico.usuario={call inh_newac.pkg_adm_liga_camp.prc_hist_usuario(?,?,?,?,?,?,?,?,?)}
app.sql.pl1={ call SAC_ADMIN2_FAB.PRC_PRUEBA_UNO(?, ?, ?, ?) }
app.sql.pl2={ call SAC_ADMIN2_FAB.PRC_PRUEBA_DOS(?, ?, ?, ?) }
app.sql.prcAdmPQR={call INH_NEWAC.PKG_ADM_LIGA_CAMP.PRC_ADM_PQR(?,?,?,?,?,?,?,?,?,?,?,?,?,?,?,?,?,?,?,?,?)}
app.sql.prcResponderPQR={call INH_NEWAC.PKG_ADM_LIGA_CAMP.PRC_RESPONDER_PQR(?,?,?,?,?,?)}
app.sql.time.out=30
app.sql.usuarios.sistema={call inh_newac.pkg_adm_liga_camp.PRC_ADM_USUARIOS_DEL_SISTEMA(?,?,?)}
app.sql.validar.usuario={call inh_newac.pkg_adm_liga_camp.prc_validar_usuario(?,?,?,?,?)}
app.tipo.conexion.SERCON=JDBC
app.token.time=1800
app.token.time.cambio.contrasena=600
app.valor.accion.inesperada=-5
data.base.cargue.properties=SAC_ADMIN2_FAB
data.base.cargue.properties.tipo=JNDI
data.base.jndi.data.source.COMCORP=jdbcCOMCORP
data.base.jndi.data.source.SACDEV=jdbc/Sac
data.base.jndi.data.source.SERCON=jdbcCOMCORP
data.base.logger.file.config=/home/camilo/openshift/crc-linux-2.10.2-amd64/ligaCampeones-Servicios/WSLigaCampeones/WSLigaCampeones/Log4jWSLigaCampeones.properties
data.base.logger.name.config=WSLigaCampeones
data.base.logger.type.config=prop
prop.pqr.correos.notificacion=prop.pqr.correos.notificacion
sql.tbl.properties.consulta=SELECT PAR_NOMBRE PROPIEDAD, PAR_VALOR VALOR FROM T_PARAMETROS WHERE ESTADO = 'A'
url.cambio.contrasena=http://localhost:4200/#/cambiarContrasena/:
url.champions.ligue=http://172.24.160.148:8080/EXP_ChampionsLeague/PS_ChampionsLeagueV1.0_RS/GetVendors

[INFO ][                    ][29/11/2022 10:42:50.882][DirectJDKLog        ][log                 ]Initializing ProtocolHandler ["http-nio-8080"]
[INFO ][                    ][29/11/2022 10:42:50.883][DirectJDKLog        ][log                 ]Starting service [Tomcat]
[INFO ][                    ][29/11/2022 10:42:50.884][DirectJDKLog        ][log                 ]Starting Servlet engine: [Apache Tomcat/9.0.69]
[INFO ][                    ][29/11/2022 10:42:50.957][DirectJDKLog        ][log                 ]Initializing Spring embedded WebApplicationContext
[INFO ][                    ][29/11/2022 10:42:51.214][DirectJDKLog        ][log                 ]Stopping service [Tomcat]
